<?xml version="1.0" encoding="UTF-8"?>
<!-- Generated by org.testng.reporters.JUnitReportReporter -->
<testsuite hostname="LAPTOP-4NDL71QT" failures="0" tests="1" name="com.bikkadit.enam.testCases.TestLoginpage" time="20.637" errors="0" timestamp="29 Jan 2023 15:14:36 GMT" skipped="0">
  <testcase classname="com.bikkadit.enam.testCases.TestLoginpage" name="loginTest" time="20.637"/>
</testsuite> <!-- com.bikkadit.enam.testCases.TestLoginpage -->
