<?xml version="1.0" encoding="UTF-8"?>
<!-- Generated by org.testng.reporters.JUnitReportReporter -->
<testsuite hostname="LAPTOP-4NDL71QT" failures="0" tests="1" name="com.bikkadit.enam.testCases.TestLoginpage" time="17.984" errors="0" timestamp="04 Feb 2023 05:13:39 GMT" skipped="0">
  <testcase classname="com.bikkadit.enam.testCases.TestLoginpage" name="loginTest" time="17.984"/>
</testsuite> <!-- com.bikkadit.enam.testCases.TestLoginpage -->
